<?xml version="1.0" encoding="UTF-8"?>
<!-- Generated by org.testng.reporters.JUnitReportReporter -->
<testsuite hostname="user-PC" failures="0" tests="1" name="testingPackahge.Test3" time="0.011" errors="0" timestamp="2022-10-19T11:10:10 IST" skipped="0">
  <testcase classname="testingPackahge.Test3" name="wordpress" time="0.011"/>
  <system-out/>
</testsuite> <!-- testingPackahge.Test3 -->
