<?xml version="1.0" encoding="UTF-8"?>
<!-- Generated by org.testng.reporters.JUnitReportReporter -->
<testsuite hostname="user-PC" failures="0" tests="1" name="testingPackahge.Test1" time="0.012" errors="0" timestamp="2022-10-19T11:10:11 IST" skipped="0">
  <testcase classname="testingPackahge.Test1" name="fb" time="0.012"/>
  <system-out/>
</testsuite> <!-- testingPackahge.Test1 -->
