<?xml version="1.0" encoding="UTF-8"?>
<!-- Generated by org.testng.reporters.JUnitReportReporter -->
<testsuite hostname="user-PC" failures="0" tests="1" name="testingPackahge.Test2" time="0.000" errors="0" timestamp="2022-10-19T11:10:11 IST" skipped="0">
  <testcase classname="testingPackahge.Test2" name="twitter" time="0.000"/>
  <system-out/>
</testsuite> <!-- testingPackahge.Test2 -->
